2021-03-22T16:09:19.771535+08:00 0 [Warning] [MY-011070] [Server] 'Disabling symbolic links using --skip-symbolic-links (or equivalent) is the default. Consider not using this option as it' is deprecated and will be removed in a future release.
2021-03-22T16:09:19.771580+08:00 0 [Warning] [MY-010915] [Server] 'NO_ZERO_DATE', 'NO_ZERO_IN_DATE' and 'ERROR_FOR_DIVISION_BY_ZERO' sql modes should be used with strict mode. They will be merged with strict mode in a future release.
2021-03-22T16:09:19.771770+08:00 0 [System] [MY-013169] [Server] /usr/sbin/mysqld (mysqld 8.0.23) initializing of server in progress as process 45
2021-03-22T16:09:19.784831+08:00 0 [Warning] [MY-010159] [Server] Setting lower_case_table_names=2 because file system for /var/lib/mysql/ is case insensitive
2021-03-22T16:09:19.796853+08:00 1 [System] [MY-013576] [InnoDB] InnoDB initialization has started.
2021-03-22T16:09:23.416831+08:00 1 [System] [MY-013577] [InnoDB] InnoDB initialization has ended.
2021-03-22T16:09:25.916294+08:00 6 [Warning] [MY-010453] [Server] root@localhost is created with an empty password ! Please consider switching off the --initialize-insecure option.
2021-03-22T16:09:38.008182+08:00 0 [Warning] [MY-011070] [Server] 'Disabling symbolic links using --skip-symbolic-links (or equivalent) is the default. Consider not using this option as it' is deprecated and will be removed in a future release.
2021-03-22T16:09:38.008222+08:00 0 [Warning] [MY-010915] [Server] 'NO_ZERO_DATE', 'NO_ZERO_IN_DATE' and 'ERROR_FOR_DIVISION_BY_ZERO' sql modes should be used with strict mode. They will be merged with strict mode in a future release.
2021-03-22T16:09:38.008332+08:00 0 [System] [MY-010116] [Server] /usr/sbin/mysqld (mysqld 8.0.23) starting as process 90
2021-03-22T16:09:38.024149+08:00 0 [Warning] [MY-010159] [Server] Setting lower_case_table_names=2 because file system for /var/lib/mysql/ is case insensitive
2021-03-22T16:09:38.056227+08:00 1 [System] [MY-013576] [InnoDB] InnoDB initialization has started.
2021-03-22T16:09:38.757785+08:00 1 [System] [MY-013577] [InnoDB] InnoDB initialization has ended.
2021-03-22T16:09:38.932011+08:00 0 [System] [MY-011323] [Server] X Plugin ready for connections. Socket: /var/run/mysqld/mysqlx.sock
2021-03-22T16:09:39.123614+08:00 0 [Warning] [MY-010068] [Server] CA certificate ca.pem is self signed.
2021-03-22T16:09:39.124954+08:00 0 [System] [MY-013602] [Server] Channel mysql_main configured to support TLS. Encrypted connections are now supported for this channel.
2021-03-22T16:09:39.131662+08:00 0 [Warning] [MY-011810] [Server] Insecure configuration for --pid-file: Location '/var/run/mysqld' in the path is accessible to all OS users. Consider choosing a different directory.
2021-03-22T16:09:39.188608+08:00 0 [System] [MY-010931] [Server] /usr/sbin/mysqld: ready for connections. Version: '8.0.23'  socket: '/var/run/mysqld/mysqld.sock'  port: 0  MySQL Community Server - GPL.
2021-03-22T16:09:51.291301+08:00 11 [System] [MY-013172] [Server] Received SHUTDOWN from user root. Shutting down mysqld (Version: 8.0.23).
2021-03-22T16:09:53.090605+08:00 0 [System] [MY-010910] [Server] /usr/sbin/mysqld: Shutdown complete (mysqld 8.0.23)  MySQL Community Server - GPL.
2021-03-22T16:09:53.543049+08:00 0 [Warning] [MY-011070] [Server] 'Disabling symbolic links using --skip-symbolic-links (or equivalent) is the default. Consider not using this option as it' is deprecated and will be removed in a future release.
2021-03-22T16:09:53.543083+08:00 0 [Warning] [MY-010915] [Server] 'NO_ZERO_DATE', 'NO_ZERO_IN_DATE' and 'ERROR_FOR_DIVISION_BY_ZERO' sql modes should be used with strict mode. They will be merged with strict mode in a future release.
2021-03-22T16:09:53.543172+08:00 0 [System] [MY-010116] [Server] /usr/sbin/mysqld (mysqld 8.0.23) starting as process 1
2021-03-22T16:09:53.550738+08:00 0 [Warning] [MY-010159] [Server] Setting lower_case_table_names=2 because file system for /var/lib/mysql/ is case insensitive
2021-03-22T16:09:53.565842+08:00 1 [System] [MY-013576] [InnoDB] InnoDB initialization has started.
2021-03-22T16:09:54.116391+08:00 1 [System] [MY-013577] [InnoDB] InnoDB initialization has ended.
2021-03-22T16:09:54.300619+08:00 0 [System] [MY-011323] [Server] X Plugin ready for connections. Bind-address: '::' port: 33060, socket: /var/run/mysqld/mysqlx.sock
2021-03-22T16:09:54.435836+08:00 0 [Warning] [MY-010068] [Server] CA certificate ca.pem is self signed.
2021-03-22T16:09:54.436796+08:00 0 [System] [MY-013602] [Server] Channel mysql_main configured to support TLS. Encrypted connections are now supported for this channel.
2021-03-22T16:09:54.444652+08:00 0 [Warning] [MY-011810] [Server] Insecure configuration for --pid-file: Location '/var/run/mysqld' in the path is accessible to all OS users. Consider choosing a different directory.
2021-03-22T16:09:54.532596+08:00 0 [System] [MY-010931] [Server] /usr/sbin/mysqld: ready for connections. Version: '8.0.23'  socket: '/var/run/mysqld/mysqld.sock'  port: 3306  MySQL Community Server - GPL.
mbind: Operation not permitted
2021-03-22T16:12:29.076948+08:00 0 [System] [MY-013172] [Server] Received SHUTDOWN from user <via user signal>. Shutting down mysqld (Version: 8.0.23).
2021-03-22T16:12:31.080750+08:00 0 [Warning] [MY-010909] [Server] /usr/sbin/mysqld: Forcing close of thread 8  user: 'root'.
2021-03-22T16:12:31.084698+08:00 0 [Warning] [MY-010909] [Server] /usr/sbin/mysqld: Forcing close of thread 9  user: 'root'.
2021-03-22T16:12:32.115640+08:00 0 [System] [MY-010910] [Server] /usr/sbin/mysqld: Shutdown complete (mysqld 8.0.23)  MySQL Community Server - GPL.
2021-03-22T16:12:33.601549+08:00 0 [Warning] [MY-011070] [Server] 'Disabling symbolic links using --skip-symbolic-links (or equivalent) is the default. Consider not using this option as it' is deprecated and will be removed in a future release.
2021-03-22T16:12:33.601589+08:00 0 [Warning] [MY-010915] [Server] 'NO_ZERO_DATE', 'NO_ZERO_IN_DATE' and 'ERROR_FOR_DIVISION_BY_ZERO' sql modes should be used with strict mode. They will be merged with strict mode in a future release.
2021-03-22T16:12:33.601719+08:00 0 [System] [MY-010116] [Server] /usr/sbin/mysqld (mysqld 8.0.23) starting as process 1
2021-03-22T16:12:33.611618+08:00 0 [Warning] [MY-010159] [Server] Setting lower_case_table_names=2 because file system for /var/lib/mysql/ is case insensitive
2021-03-22T16:12:33.632884+08:00 1 [System] [MY-013576] [InnoDB] InnoDB initialization has started.
2021-03-22T16:12:34.471297+08:00 1 [System] [MY-013577] [InnoDB] InnoDB initialization has ended.
2021-03-22T16:12:34.723712+08:00 0 [System] [MY-011323] [Server] X Plugin ready for connections. Bind-address: '::' port: 33060, socket: /var/run/mysqld/mysqlx.sock
2021-03-22T16:12:34.894996+08:00 0 [Warning] [MY-010068] [Server] CA certificate ca.pem is self signed.
2021-03-22T16:12:34.896033+08:00 0 [System] [MY-013602] [Server] Channel mysql_main configured to support TLS. Encrypted connections are now supported for this channel.
2021-03-22T16:12:34.905321+08:00 0 [Warning] [MY-011810] [Server] Insecure configuration for --pid-file: Location '/var/run/mysqld' in the path is accessible to all OS users. Consider choosing a different directory.
2021-03-22T16:12:35.031794+08:00 0 [System] [MY-010931] [Server] /usr/sbin/mysqld: ready for connections. Version: '8.0.23'  socket: '/var/run/mysqld/mysqld.sock'  port: 3306  MySQL Community Server - GPL.
mbind: Operation not permitted
2021-03-22T16:13:37.946940+08:00 0 [System] [MY-013172] [Server] Received SHUTDOWN from user <via user signal>. Shutting down mysqld (Version: 8.0.23).
2021-03-22T16:13:39.950317+08:00 0 [Warning] [MY-010909] [Server] /usr/sbin/mysqld: Forcing close of thread 9  user: 'root'.
2021-03-22T16:13:41.324890+08:00 0 [System] [MY-010910] [Server] /usr/sbin/mysqld: Shutdown complete (mysqld 8.0.23)  MySQL Community Server - GPL.
2021-03-22T16:14:27.280330+08:00 0 [Warning] [MY-011070] [Server] 'Disabling symbolic links using --skip-symbolic-links (or equivalent) is the default. Consider not using this option as it' is deprecated and will be removed in a future release.
2021-03-22T16:14:27.280373+08:00 0 [Warning] [MY-010915] [Server] 'NO_ZERO_DATE', 'NO_ZERO_IN_DATE' and 'ERROR_FOR_DIVISION_BY_ZERO' sql modes should be used with strict mode. They will be merged with strict mode in a future release.
2021-03-22T16:14:27.280474+08:00 0 [System] [MY-013169] [Server] /usr/sbin/mysqld (mysqld 8.0.23) initializing of server in progress as process 47
2021-03-22T16:14:27.294410+08:00 0 [Warning] [MY-010159] [Server] Setting lower_case_table_names=2 because file system for /var/lib/mysql/ is case insensitive
2021-03-22T16:14:27.306760+08:00 1 [System] [MY-013576] [InnoDB] InnoDB initialization has started.
2021-03-22T16:14:30.808335+08:00 1 [System] [MY-013577] [InnoDB] InnoDB initialization has ended.
2021-03-22T16:14:33.301108+08:00 6 [Warning] [MY-010453] [Server] root@localhost is created with an empty password ! Please consider switching off the --initialize-insecure option.
2021-03-22T16:14:45.563074+08:00 0 [Warning] [MY-011070] [Server] 'Disabling symbolic links using --skip-symbolic-links (or equivalent) is the default. Consider not using this option as it' is deprecated and will be removed in a future release.
2021-03-22T16:14:45.563110+08:00 0 [Warning] [MY-010915] [Server] 'NO_ZERO_DATE', 'NO_ZERO_IN_DATE' and 'ERROR_FOR_DIVISION_BY_ZERO' sql modes should be used with strict mode. They will be merged with strict mode in a future release.
2021-03-22T16:14:45.563191+08:00 0 [System] [MY-010116] [Server] /usr/sbin/mysqld (mysqld 8.0.23) starting as process 92
2021-03-22T16:14:45.569685+08:00 0 [Warning] [MY-010159] [Server] Setting lower_case_table_names=2 because file system for /var/lib/mysql/ is case insensitive
2021-03-22T16:14:45.595628+08:00 1 [System] [MY-013576] [InnoDB] InnoDB initialization has started.
2021-03-22T16:14:46.331276+08:00 1 [System] [MY-013577] [InnoDB] InnoDB initialization has ended.
2021-03-22T16:14:46.592915+08:00 0 [System] [MY-011323] [Server] X Plugin ready for connections. Socket: /var/run/mysqld/mysqlx.sock
2021-03-22T16:14:46.823593+08:00 0 [Warning] [MY-010068] [Server] CA certificate ca.pem is self signed.
2021-03-22T16:14:46.824416+08:00 0 [System] [MY-013602] [Server] Channel mysql_main configured to support TLS. Encrypted connections are now supported for this channel.
2021-03-22T16:14:46.830928+08:00 0 [Warning] [MY-011810] [Server] Insecure configuration for --pid-file: Location '/var/run/mysqld' in the path is accessible to all OS users. Consider choosing a different directory.
2021-03-22T16:14:46.882863+08:00 0 [System] [MY-010931] [Server] /usr/sbin/mysqld: ready for connections. Version: '8.0.23'  socket: '/var/run/mysqld/mysqld.sock'  port: 0  MySQL Community Server - GPL.
2021-03-22T16:15:00.137595+08:00 11 [System] [MY-013172] [Server] Received SHUTDOWN from user root. Shutting down mysqld (Version: 8.0.23).
2021-03-22T16:15:01.778233+08:00 0 [System] [MY-010910] [Server] /usr/sbin/mysqld: Shutdown complete (mysqld 8.0.23)  MySQL Community Server - GPL.
2021-03-22T16:15:02.402001+08:00 0 [Warning] [MY-011070] [Server] 'Disabling symbolic links using --skip-symbolic-links (or equivalent) is the default. Consider not using this option as it' is deprecated and will be removed in a future release.
2021-03-22T16:15:02.402035+08:00 0 [Warning] [MY-010915] [Server] 'NO_ZERO_DATE', 'NO_ZERO_IN_DATE' and 'ERROR_FOR_DIVISION_BY_ZERO' sql modes should be used with strict mode. They will be merged with strict mode in a future release.
2021-03-22T16:15:02.402122+08:00 0 [System] [MY-010116] [Server] /usr/sbin/mysqld (mysqld 8.0.23) starting as process 1
2021-03-22T16:15:02.409289+08:00 0 [Warning] [MY-010159] [Server] Setting lower_case_table_names=2 because file system for /var/lib/mysql/ is case insensitive
2021-03-22T16:15:02.424773+08:00 1 [System] [MY-013576] [InnoDB] InnoDB initialization has started.
2021-03-22T16:15:02.959813+08:00 1 [System] [MY-013577] [InnoDB] InnoDB initialization has ended.
2021-03-22T16:15:03.146551+08:00 0 [System] [MY-011323] [Server] X Plugin ready for connections. Bind-address: '::' port: 33060, socket: /var/run/mysqld/mysqlx.sock
2021-03-22T16:15:03.286584+08:00 0 [Warning] [MY-010068] [Server] CA certificate ca.pem is self signed.
2021-03-22T16:15:03.287567+08:00 0 [System] [MY-013602] [Server] Channel mysql_main configured to support TLS. Encrypted connections are now supported for this channel.
2021-03-22T16:15:03.294392+08:00 0 [Warning] [MY-011810] [Server] Insecure configuration for --pid-file: Location '/var/run/mysqld' in the path is accessible to all OS users. Consider choosing a different directory.
2021-03-22T16:15:03.368765+08:00 0 [System] [MY-010931] [Server] /usr/sbin/mysqld: ready for connections. Version: '8.0.23'  socket: '/var/run/mysqld/mysqld.sock'  port: 3306  MySQL Community Server - GPL.
mbind: Operation not permitted
mbind: Operation not permitted
2021-03-22T16:25:44.334503+08:00 0 [System] [MY-013172] [Server] Received SHUTDOWN from user <via user signal>. Shutting down mysqld (Version: 8.0.23).
2021-03-22T16:25:46.340030+08:00 0 [Warning] [MY-010909] [Server] /usr/sbin/mysqld: Forcing close of thread 8  user: 'root'.
2021-03-22T16:25:46.344210+08:00 0 [Warning] [MY-010909] [Server] /usr/sbin/mysqld: Forcing close of thread 9  user: 'root'.
2021-03-22T16:25:47.634796+08:00 0 [System] [MY-010910] [Server] /usr/sbin/mysqld: Shutdown complete (mysqld 8.0.23)  MySQL Community Server - GPL.
2021-03-22T16:25:54.565691+08:00 0 [Warning] [MY-011070] [Server] 'Disabling symbolic links using --skip-symbolic-links (or equivalent) is the default. Consider not using this option as it' is deprecated and will be removed in a future release.
2021-03-22T16:25:54.565726+08:00 0 [Warning] [MY-010915] [Server] 'NO_ZERO_DATE', 'NO_ZERO_IN_DATE' and 'ERROR_FOR_DIVISION_BY_ZERO' sql modes should be used with strict mode. They will be merged with strict mode in a future release.
2021-03-22T16:25:54.565918+08:00 0 [System] [MY-010116] [Server] /usr/sbin/mysqld (mysqld 8.0.23) starting as process 1
2021-03-22T16:25:54.573313+08:00 0 [Warning] [MY-010159] [Server] Setting lower_case_table_names=2 because file system for /var/lib/mysql/ is case insensitive
2021-03-22T16:25:54.590437+08:00 1 [System] [MY-013576] [InnoDB] InnoDB initialization has started.
2021-03-22T16:25:55.378808+08:00 1 [System] [MY-013577] [InnoDB] InnoDB initialization has ended.
2021-03-22T16:25:55.629949+08:00 0 [System] [MY-011323] [Server] X Plugin ready for connections. Bind-address: '::' port: 33060, socket: /var/run/mysqld/mysqlx.sock
2021-03-22T16:25:55.751953+08:00 0 [Warning] [MY-010068] [Server] CA certificate ca.pem is self signed.
2021-03-22T16:25:55.753329+08:00 0 [System] [MY-013602] [Server] Channel mysql_main configured to support TLS. Encrypted connections are now supported for this channel.
2021-03-22T16:25:55.765625+08:00 0 [Warning] [MY-011810] [Server] Insecure configuration for --pid-file: Location '/var/run/mysqld' in the path is accessible to all OS users. Consider choosing a different directory.
2021-03-22T16:25:55.847916+08:00 0 [System] [MY-010931] [Server] /usr/sbin/mysqld: ready for connections. Version: '8.0.23'  socket: '/var/run/mysqld/mysqld.sock'  port: 3306  MySQL Community Server - GPL.
2021-03-22T16:26:38.450733+08:00 0 [System] [MY-013172] [Server] Received SHUTDOWN from user <via user signal>. Shutting down mysqld (Version: 8.0.23).
2021-03-22T16:26:39.239450+08:00 0 [System] [MY-010910] [Server] /usr/sbin/mysqld: Shutdown complete (mysqld 8.0.23)  MySQL Community Server - GPL.
2021-03-22T16:27:02.604351+08:00 0 [Warning] [MY-011070] [Server] 'Disabling symbolic links using --skip-symbolic-links (or equivalent) is the default. Consider not using this option as it' is deprecated and will be removed in a future release.
2021-03-22T16:27:02.604402+08:00 0 [Warning] [MY-010915] [Server] 'NO_ZERO_DATE', 'NO_ZERO_IN_DATE' and 'ERROR_FOR_DIVISION_BY_ZERO' sql modes should be used with strict mode. They will be merged with strict mode in a future release.
2021-03-22T16:27:02.604673+08:00 0 [System] [MY-010116] [Server] /usr/sbin/mysqld (mysqld 8.0.23) starting as process 1
2021-03-22T16:27:02.612404+08:00 0 [Warning] [MY-010159] [Server] Setting lower_case_table_names=2 because file system for /var/lib/mysql/ is case insensitive
2021-03-22T16:27:02.628071+08:00 1 [System] [MY-013576] [InnoDB] InnoDB initialization has started.
2021-03-22T16:27:03.310234+08:00 1 [System] [MY-013577] [InnoDB] InnoDB initialization has ended.
2021-03-22T16:27:03.556799+08:00 0 [System] [MY-011323] [Server] X Plugin ready for connections. Bind-address: '::' port: 33060, socket: /var/run/mysqld/mysqlx.sock
2021-03-22T16:27:03.662825+08:00 0 [Warning] [MY-010068] [Server] CA certificate ca.pem is self signed.
2021-03-22T16:27:03.663706+08:00 0 [System] [MY-013602] [Server] Channel mysql_main configured to support TLS. Encrypted connections are now supported for this channel.
2021-03-22T16:27:03.672715+08:00 0 [Warning] [MY-011810] [Server] Insecure configuration for --pid-file: Location '/var/run/mysqld' in the path is accessible to all OS users. Consider choosing a different directory.
2021-03-22T16:27:03.813212+08:00 0 [System] [MY-010931] [Server] /usr/sbin/mysqld: ready for connections. Version: '8.0.23'  socket: '/var/run/mysqld/mysqld.sock'  port: 3306  MySQL Community Server - GPL.
mbind: Operation not permitted
2021-03-22T16:27:31.874012+08:00 0 [System] [MY-013172] [Server] Received SHUTDOWN from user <via user signal>. Shutting down mysqld (Version: 8.0.23).
2021-03-22T16:27:33.119399+08:00 0 [System] [MY-010910] [Server] /usr/sbin/mysqld: Shutdown complete (mysqld 8.0.23)  MySQL Community Server - GPL.
